Vivado Simulator v2023.1
Copyright 1986-2022 Xilinx, Inc. All Rights Reserved.
Copyright 2022-2023 Advanced Micro Devices, Inc. All Rights Reserved.
Running: /home/hieu/Tools/vivado/Vivado/2023.1/bin/unwrapped/lnx64.o/xelab --incr --debug typical --relax --mt 8 -L xil_defaultlib -L uvm -L unisims_ver -L secureip --snapshot tb_axi4_uart_func_impl xil_defaultlib.tb_axi4_uart xil_defaultlib.glbl -log elaborate.log 
Using 8 slave threads.
Starting static elaboration
Pass Through NonSizing Optimizer
Completed static elaboration
Starting simulation data flow analysis
Completed simulation data flow analysis
Time Resolution for simulation is 1ps
Compiling module unisims_ver.x_lut2_mux4
Compiling module unisims_ver.LUT2
Compiling module unisims_ver.FDRE_default
Compiling module unisims_ver.LUT6
Compiling module unisims_ver.CARRY4
Compiling module unisims_ver.LUT4
Compiling module unisims_ver.LUT5
Compiling module unisims_ver.x_lut3_mux8
Compiling module unisims_ver.LUT3
Compiling module unisims_ver.x_lut1_mux2
Compiling module unisims_ver.LUT1
Compiling module xil_defaultlib.baud_generator
Compiling module unisims_ver.BUFG
Compiling module unisims_ver.IBUF
Compiling module unisims_ver.FDSE_default
Compiling module xil_defaultlib.axi4_lite
Compiling module unisims_ver.OBUF
Compiling module unisims_ver.RAM32M
Compiling module unisims_ver.RAM32X1D
Compiling module xil_defaultlib.receiver_fifo
Compiling module unisims_ver.MUXF7
Compiling module xil_defaultlib.receiver_controller
Compiling module xil_defaultlib.shift_register
Compiling module xil_defaultlib.synchronizer_7
Compiling module xil_defaultlib.uart_receiver
Compiling module xil_defaultlib.uart_rx_top
Compiling module xil_defaultlib.transmitter_fifo
Compiling module xil_defaultlib.synchronizer
Compiling module xil_defaultlib.ff
Compiling module xil_defaultlib.ff_0
Compiling module xil_defaultlib.ff_1
Compiling module xil_defaultlib.ff_2
Compiling module xil_defaultlib.ff_3
Compiling module xil_defaultlib.ff_4
Compiling module xil_defaultlib.ff_5
Compiling module xil_defaultlib.ff_6
Compiling module xil_defaultlib.piso
Compiling module xil_defaultlib.transmitter_controller
Compiling module xil_defaultlib.uart_transmitter
Compiling module xil_defaultlib.uart_tx_top
Compiling module xil_defaultlib.axi4_uart
Compiling module xil_defaultlib.tb_axi4_uart
Compiling module xil_defaultlib.glbl
Built simulation snapshot tb_axi4_uart_func_impl
