Time resolution is 1 ps
Cấu hình UART...
[WRITE] Addr = 0x00000008, Data = 0x00000003
[WRITE] Addr = 0x00000014, Data = 0x00000001
[WRITE] Addr = 0x00000020, Data = 0x00000000
[WRITE] Addr = 0x0000000c, Data = 0x00000005
Gửi dữ liệu qua UART...
[WRITE] Addr = 0x00000000, Data = 0x0000000a
[WRITE] Addr = 0x0000000c, Data = 0x00000007
[WRITE] Addr = 0x00000000, Data = 0x0000000b
Gửi dữ liệu qua UART....1.
Cấu hình UART...
[WRITE] Addr = 0x00000008, Data = 0x00000003
[WRITE] Addr = 0x00000014, Data = 0x00000001
[WRITE] Addr = 0x00000020, Data = 0x00000000
[WRITE] Addr = 0x0000000c, Data = 0x00000005
Gửi dữ liệu qua UART...
[WRITE] Addr = 0x00000000, Data = 0x0000000a
[WRITE] Addr = 0x0000000c, Data = 0x00000007
[WRITE] Addr = 0x00000000, Data = 0x0000000b
Gửi dữ liệu qua UART....1.
[READ ] Addr = 0x00000004, Data = 0x0000000a
[READ ] Addr = 0x00000004, Data = 0x0000000b
$finish called at time : 1000655 ns : File "/home/hieu/Workspace/APB_UART/sim/src/tb_axi4_uart.sv" Line 149
